==> Cloning from https://github.com/bitebox105-crypto/bitebox
==> Checking out commit 438e575c9dde4fa2826f8d5569074d2e08cce880 in branch main
==> Installing Python version 3.13.4...
==> Using Python version 3.13.4 (default)
==> Docs on specifying a Python version: https://render.com/docs/python-version
==> Using Poetry version 2.1.3 (default)
==> Docs on specifying a Poetry version: https://render.com/docs/poetry-version
==> Using uv version 0.7.12 (default)
==> Docs on specifying a uv version: https://render.com/docs/uv-version
==> Installing uv version 0.7.12...
==> Running build command 'uv sync --frozen && uv cache prune --ci'...
Downloading pillow (6.7MiB)
Downloading reportlab (1.9MiB)
Downloading pydantic-core (2.0MiB)
Downloading sqlalchemy (3.1MiB)
Downloading psycopg2-binary (4.0MiB)
 Downloading pydantic-core
 Downloading psycopg2-binary
 Downloading pillow
 Downloading reportlab
 Downloading sqlalchemy
Prepared 40 packages in 356ms
Installed 40 packages in 369ms
Bytecode compiled 1818 files in 2.17s
 + annotated-types==0.7.0
 + anyio==4.12.0
 + blinker==1.9.0
 + cachetools==6.2.2
 + certifi==2025.11.12
 + charset-normalizer==3.4.4
 + click==8.3.1
 + flask==3.1.2
 + flask-cors==6.0.1
 + flask-login==0.6.3
 + flask-sqlalchemy==3.1.1
 + google-auth==2.43.0
 + google-genai==1.53.0
 + greenlet==3.3.0
 + gunicorn==23.0.0
 + h11==0.16.0
 + httpcore==1.0.9
 + httpx==0.28.1
 + idna==3.11
 + itsdangerous==2.2.0
 + jinja2==3.1.6
 + markupsafe==3.0.3
 + packaging==25.0
 + pillow==12.0.0
 + psycopg2-binary==2.9.11
 + pyasn1==0.6.1
 + pyasn1-modules==0.4.2
 + pydantic==2.12.5
 + pydantic-core==2.41.5
 + python-dotenv==1.2.1
 + reportlab==4.4.5
 + requests==2.32.5
 + rsa==4.9.1
 + sqlalchemy==2.0.44
 + tenacity==9.1.2
 + typing-extensions==4.15.0
 + typing-inspection==0.4.2
 + urllib3==2.6.0
 + websockets==15.0.1
 + werkzeug==3.1.4
Pruning cache at: /opt/render/.cache/.python-uv/cache
Removed 1891 files (64.7MiB)
==> Uploading build...
==> Uploaded in 14.6s. Compression took 4.3s
==> Build successful ðŸŽ‰
==> Deploying...
==> Running 'gunicorn main:app'
Traceback (most recent call last):
  File "/opt/render/project/src/.venv/lib/python3.13/site-packages/gunicorn/util.py", line 413, in import_app
    app = getattr(mod, name)
AttributeError: module 'main' has no attribute 'app'
During handling of the above exception, another exception occurred:
Traceback (most recent call last):
  File "/opt/render/project/src/.venv/bin/gunicorn", line 10, in <module>
    sys.exit(run())
             ~~~^^
  File "/opt/render/project/src/.venv/lib/python3.13/site-packages/gunicorn/app/wsgiapp.py", line 66, in run
    WSGIApplication("%(prog)s [OPTIONS] [APP_MODULE]", prog=prog).run()
    ~~~~~~~~~~~~~~~~~~~~~~~~~~~~~~~~~~~~~~~~~~~~~~~~~~~~~~~~~~~~~~~~~^^
  File "/opt/render/project/src/.venv/lib/python3.13/site-packages/gunicorn/app/base.py", line 235, in run
    super().run()
    ~~~~~~~~~~~^^
  File "/opt/render/project/src/.venv/lib/python3.13/site-packages/gunicorn/app/base.py", line 71, in run
    Arbiter(self).run()
    ~~~~~~~^^^^^^
  File "/opt/render/project/src/.venv/lib/python3.13/site-packages/gunicorn/arbiter.py", line 57, in __init__
    self.setup(app)
    ~~~~~~~~~~^^^^^
  File "/opt/render/project/src/.venv/lib/python3.13/site-packages/gunicorn/arbiter.py", line 117, in setup
    self.app.wsgi()
    ~~~~~~~~~~~~~^^
  File "/opt/render/project/src/.venv/lib/python3.13/site-packages/gunicorn/app/base.py", line 66, in wsgi
    self.callable = self.load()
                    ~~~~~~~~~^^
  File "/opt/render/project/src/.venv/lib/python3.13/site-packages/gunicorn/app/wsgiapp.py", line 57, in load
    return self.load_wsgiapp()
           ~~~~~~~~~~~~~~~~~^^
  File "/opt/render/project/src/.venv/lib/python3.13/site-packages/gunicorn/app/wsgiapp.py", line 47, in load_wsgiapp
    return util.import_app(self.app_uri)
           ~~~~~~~~~~~~~~~^^^^^^^^^^^^^^
  File "/opt/render/project/src/.venv/lib/python3.13/site-packages/gunicorn/util.py", line 417, in import_app
    raise AppImportError("Failed to find attribute %r in %r." % (name, module))
gunicorn.errors.AppImportError: Failed to find attribute 'app' in 'main'.
==> Exited with status 1
==> Common ways to troubleshoot your deploy: https://render.com/docs/troubleshooting-deploys
==> Running 'gunicorn main:app'
Traceback (most recent call last):
  File "/opt/render/project/src/.venv/lib/python3.13/site-packages/gunicorn/util.py", line 413, in import_app
    app = getattr(mod, name)
AttributeError: module 'main' has no attribute 'app'
During handling of the above exception, another exception occurred:
Traceback (most recent call last):
  File "/opt/render/project/src/.venv/bin/gunicorn", line 10, in <module>
    sys.exit(run())
             ~~~^^
  File "/opt/render/project/src/.venv/lib/python3.13/site-packages/gunicorn/app/wsgiapp.py", line 66, in run
    WSGIApplication("%(prog)s [OPTIONS] [APP_MODULE]", prog=prog).run()
    ~~~~~~~~~~~~~~~~~~~~~~~~~~~~~~~~~~~~~~~~~~~~~~~~~~~~~~~~~~~~~~~~~^^
  File "/opt/render/project/src/.venv/lib/python3.13/site-packages/gunicorn/app/base.py", line 235, in run
    super().run()
    ~~~~~~~~~~~^^
  File "/opt/render/project/src/.venv/lib/python3.13/site-packages/gunicorn/app/base.py", line 71, in run
    Arbiter(self).run()
    ~~~~~~~^^^^^^
  File "/opt/render/project/src/.venv/lib/python3.13/site-packages/gunicorn/arbiter.py", line 57, in __init__
    self.setup(app)
    ~~~~~~~~~~^^^^^
  File "/opt/render/project/src/.venv/lib/python3.13/site-packages/gunicorn/arbiter.py", line 117, in setup
    self.app.wsgi()
    ~~~~~~~~~~~~~^^
  File "/opt/render/project/src/.venv/lib/python3.13/site-packages/gunicorn/app/base.py", line 66, in wsgi
    self.callable = self.load()
                    ~~~~~~~~~^^
  File "/opt/render/project/src/.venv/lib/python3.13/site-packages/gunicorn/app/wsgiapp.py", line 57, in load
    return self.load_wsgiapp()
           ~~~~~~~~~~~~~~~~~^^
  File "/opt/render/project/src/.venv/lib/python3.13/site-packages/gunicorn/app/wsgiapp.py", line 47, in load_wsgiapp
    return util.import_app(self.app_uri)
           ~~~~~~~~~~~~~~~^^^^^^^^^^^^^^
  File "/opt/render/project/src/.venv/lib/python3.13/site-packages/gunicorn/util.py", line 417, in import_app
    raise AppImportError("Failed to find attribute %r in %r." % (name, module))
gunicorn.errors.AppImportError: Failed to find attribute 'app' in 'main'.